[0m[1;34m# Check configuration tokens[0m
[0m[1;34m# Ensure build layout[0m
[0m[1;34m# Check configuration tokens[0m
[0m[1;34m# Preparing build[0m
[0m[1;34m# Check requirements for android[0m
[0m[1;30m# Run 'dpkg --version'[0m
[0m[1;30m# Cwd None[0m
[0m[1;30m# Search for Git (git)[0m
[0m[1;30m#  -> found at /usr/bin/git[0m
[0m[1;30m# Search for Cython (cython)[0m
[0m[1;30m#  -> found at /usr/bin/cython[0m
[0m[1;30m# Search for Java compiler (javac)[0m
[0m[1;30m#  -> found at /usr/lib/jvm/java-7-openjdk/bin/javac[0m
[0m[1;30m# Search for Java keytool (keytool)[0m
[0m[1;30m#  -> found at /usr/lib/jvm/java-7-openjdk/jre/bin/keytool[0m
[0m[1;34m# Install platform[0m
[0m[1;34m# Apache ANT found at /home/timur/.buildozer/android/platform/apache-ant-1.8.4[0m
[0m[1;34m# Android SDK found at /opt/android-sdk[0m
[0m[1;34m# Android NDK found at /opt/android-ndk[0m
[0m[1;30m# Run '/opt/android-sdk/tools/android list sdk -u -e'[0m
[0m[1;30m# Cwd /home/timur/.buildozer/android/platform[0m
Refresh Sources:
  Fetching https://dl-ssl.google.com/android/repository/addons_list-2.xml
  Validate XML
  Parse XML
  Fetched Add-ons List successfully
  Refresh Sources
  Fetching URL: https://dl-ssl.google.com/android/repository/repository-10.xml
  Validate XML: https://dl-ssl.google.com/android/repository/repository-10.xml
  Parse XML:    https://dl-ssl.google.com/android/repository/repository-10.xml
  Fetching URL: https://dl-ssl.google.com/android/repository/addon.xml
  Validate XML: https://dl-ssl.google.com/android/repository/addon.xml
  Parse XML:    https://dl-ssl.google.com/android/repository/addon.xml
  Fetching URL: https://dl-ssl.google.com/android/repository/addon-6.xml
  Validate XML: https://dl-ssl.google.com/android/repository/addon-6.xml
  Parse XML:    https://dl-ssl.google.com/android/repository/addon-6.xml
  Fetching URL: https://dl-ssl.google.com/glass/gdk/addon.xml
  Validate XML: https://dl-ssl.google.com/glass/gdk/addon.xml
  Parse XML:    https://dl-ssl.google.com/glass/gdk/addon.xml
  Fetching URL: https://dl-ssl.google.com/android/repository/extras/intel/addon.xml
  Validate XML: https://dl-ssl.google.com/android/repository/extras/intel/addon.xml
  Parse XML:    https://dl-ssl.google.com/android/repository/extras/intel/addon.xml
  Fetching URL: https://dl-ssl.google.com/android/repository/sys-img/android/sys-img.xml
  Validate XML: https://dl-ssl.google.com/android/repository/sys-img/android/sys-img.xml
  Parse XML:    https://dl-ssl.google.com/android/repository/sys-img/android/sys-img.xml
  Fetching URL: https://dl-ssl.google.com/android/repository/sys-img/android-wear/sys-img.xml
  Validate XML: https://dl-ssl.google.com/android/repository/sys-img/android-wear/sys-img.xml
  Parse XML:    https://dl-ssl.google.com/android/repository/sys-img/android-wear/sys-img.xml
  Fetching URL: https://dl-ssl.google.com/android/repository/sys-img/android-tv/sys-img.xml
  Validate XML: https://dl-ssl.google.com/android/repository/sys-img/android-tv/sys-img.xml
  Parse XML:    https://dl-ssl.google.com/android/repository/sys-img/android-tv/sys-img.xml
  Fetching URL: https://dl-ssl.google.com/android/repository/sys-img/google_apis/sys-img.xml
  Validate XML: https://dl-ssl.google.com/android/repository/sys-img/google_apis/sys-img.xml
  Parse XML:    https://dl-ssl.google.com/android/repository/sys-img/google_apis/sys-img.xml
  Fetching URL: https://dl-ssl.google.com/android/repository/sys-img/x86/addon-x86.xml
  Validate XML: https://dl-ssl.google.com/android/repository/sys-img/x86/addon-x86.xml
  Parse XML:    https://dl-ssl.google.com/android/repository/sys-img/x86/addon-x86.xml
Packages available for installation or update: 26
----------
id: 1 or "doc-21"
     Type: Doc
     Desc: Documentation for Android SDK, API 21, revision 1
----------
id: 2 or "android-20"
     Type: Platform
     Desc: Android SDK Platform 4.4W.2
           Revision 2
----------
id: 3 or "android-19"
     Type: Platform
     Desc: Android SDK Platform 4.4.2
           Revision 4
----------
id: 4 or "android-16"
     Type: Platform
     Desc: Android SDK Platform 4.1.2
           Revision 5
----------
id: 5 or "android-14"
     Type: Platform
     Desc: Android SDK Platform 4.0
           Revision 4
----------
id: 6 or "sample-20"
     Type: Sample
     Desc: Samples for SDK API 20, revision 3
----------
id: 7 or "sample-19"
     Type: Sample
     Desc: Samples for SDK API 19, revision 6
----------
id: 8 or "sys-img-armeabi-v7a-android-wear-20"
     Type: SystemImage
     Desc: Android SDK Platform 4.4W
           Revision 3
           Requires SDK Platform Android API 20
----------
id: 9 or "sys-img-x86-android-wear-20"
     Type: SystemImage
     Desc: Android SDK Platform 4.4W
           Revision 3
           Requires SDK Platform Android API 20
----------
id: 10 or "addon-google_apis-google-21"
     Type: Addon
     Desc: Google APIs, Android API 21, revision 1
           By Google Inc.
           Android + Google APIs
           Requires SDK Platform Android API 21
----------
id: 11 or "addon-google_apis_x86-google-19"
     Type: Addon
     Desc: Google APIs (x86 System Image), Android API 19, revision 9
           By Google Inc.
           Android x86 + Google APIs
           Requires SDK Platform Android API 19
----------
id: 12 or "addon-google_apis-google-19"
     Type: Addon
     Desc: Google APIs (ARM System Image), Android API 19, revision 9
           By Google Inc.
           Android + Google APIs
           Requires SDK Platform Android API 19
----------
id: 13 or "addon-google_gdk-google-19"
     Type: Addon
     Desc: Glass Development Kit Preview, Android API 19, revision 11
           By Google Inc.
           Preview of the Glass Development Kit
           Requires SDK Platform Android API 19
----------
id: 14 or "sys-img-armeabi-v7a-addon-google_apis-google-21"
     Type: SystemImage
     Desc: System Image armeabi-v7a with Google APIs.
           Revision 2
           Requires SDK Platform Android API 21
----------
id: 15 or "sys-img-x86_64-addon-google_apis-google-21"
     Type: SystemImage
     Desc: System Image x86_64 with Google APIs.
           Revision 2
           Requires SDK Platform Android API 21
----------
id: 16 or "sys-img-x86-addon-google_apis-google-21"
     Type: SystemImage
     Desc: System Image x86 with Google APIs.
           Revision 2
           Requires SDK Platform Android API 21
----------
id: 17 or "extra-android-m2repository"
     Type: Extra
     Desc: Android Support Repository, revision 9
           By Android
           Local Maven repository for Support Libraries
           Install path: extras/android/m2repository
----------
id: 18 or "extra-android-support"
     Type: Extra
     Desc: Android Support Library, revision 21.0.2
           By Android
           Install path: extras/android/support
----------
id: 19 or "extra-google-google_play_services_froyo"
     Type: Extra
     Desc: Google Play services for Froyo, revision 12
           By Google Inc.
           Google Play services client library and sample code
           Install path: extras/google/google_play_services_froyo
----------
id: 20 or "extra-google-google_play_services"
     Type: Extra
     Desc: Google Play services, revision 21
           By Google Inc.
           Google Play services client library and sample code
           Install path: extras/google/google_play_services
----------
id: 21 or "extra-google-m2repository"
     Type: Extra
     Desc: Google Repository, revision 13
           By Google Inc.
           Local Maven repository for Google Libraries
           Install path: extras/google/m2repository
----------
id: 22 or "extra-google-play_apk_expansion"
     Type: Extra
     Desc: Google Play APK Expansion Library, revision 3
           By Google Inc.
           Google Play APK Expansion library
           Install path: extras/google/play_apk_expansion
----------
id: 23 or "extra-google-play_billing"
     Type: Extra
     Desc: Google Play Billing Library, revision 5
           By Google Inc.
           Google Play Billing files and sample code
           Install path: extras/google/play_billing
----------
id: 24 or "extra-google-play_licensing"
     Type: Extra
     Desc: Google Play Licensing Library, revision 2
           By Google Inc.
           Google Play Licensing client library
           Install path: extras/google/play_licensing
----------
id: 25 or "extra-google-simulators"
     Type: Extra
     Desc: Android Auto API Simulators, revision 1
           By Google Inc.
           Android Auto API testing simulators
           Install path: extras/google/simulators
----------
id: 26 or "extra-google-webdriver"
     Type: Extra
     Desc: Google Web Driver, revision 2
           By Google Inc.
           WebDriver
           Install path: extras/google/webdriver
Refresh Sources:
  Fetching https://dl-ssl.google.com/android/repository/addons_list-2.xml
  Validate XML
  Parse XML
  Fetched Add-ons List successfully
  Refresh Sources
  Fetching URL: https://dl-ssl.google.com/android/repository/repository-10.xml
  Validate XML: https://dl-ssl.google.com/android/repository/repository-10.xml
  Parse XML:    https://dl-ssl.google.com/android/repository/repository-10.xml
  Fetching URL: https://dl-ssl.google.com/android/repository/addon.xml
  Validate XML: https://dl-ssl.google.com/android/repository/addon.xml
  Parse XML:    https://dl-ssl.google.com/android/repository/addon.xml
  Fetching URL: https://dl-ssl.google.com/android/repository/addon-6.xml
  Validate XML: https://dl-ssl.google.com/android/repository/addon-6.xml
  Parse XML:    https://dl-ssl.google.com/android/repository/addon-6.xml
  Fetching URL: https://dl-ssl.google.com/glass/gdk/addon.xml
  Validate XML: https://dl-ssl.google.com/glass/gdk/addon.xml
  Parse XML:    https://dl-ssl.google.com/glass/gdk/addon.xml
  Fetching URL: https://dl-ssl.google.com/android/repository/extras/intel/addon.xml
  Validate XML: https://dl-ssl.google.com/android/repository/extras/intel/addon.xml
  Parse XML:    https://dl-ssl.google.com/android/repository/extras/intel/addon.xml
  Fetching URL: https://dl-ssl.google.com/android/repository/sys-img/android/sys-img.xml
  Validate XML: https://dl-ssl.google.com/android/repository/sys-img/android/sys-img.xml
  Parse XML:    https://dl-ssl.google.com/android/repository/sys-img/android/sys-img.xml
  Fetching URL: https://dl-ssl.google.com/android/repository/sys-img/android-wear/sys-img.xml
  Validate XML: https://dl-ssl.google.com/android/repository/sys-img/android-wear/sys-img.xml
  Parse XML:    https://dl-ssl.google.com/android/repository/sys-img/android-wear/sys-img.xml
  Fetching URL: https://dl-ssl.google.com/android/repository/sys-img/android-tv/sys-img.xml
  Validate XML: https://dl-ssl.google.com/android/repository/sys-img/android-tv/sys-img.xml
  Parse XML:    https://dl-ssl.google.com/android/repository/sys-img/android-tv/sys-img.xml
  Fetching URL: https://dl-ssl.google.com/android/repository/sys-img/google_apis/sys-img.xml
  Validate XML: https://dl-ssl.google.com/android/repository/sys-img/google_apis/sys-img.xml
  Parse XML:    https://dl-ssl.google.com/android/repository/sys-img/google_apis/sys-img.xml
  Fetching URL: https://dl-ssl.google.com/android/repository/sys-img/x86/addon-x86.xml
  Validate XML: https://dl-ssl.google.com/android/repository/sys-img/x86/addon-x86.xml
  Parse XML:    https://dl-ssl.google.com/android/repository/sys-img/x86/addon-x86.xml
Packages available for installation or update: 26
----------
id: 1 or "doc-21"
     Type: Doc
     Desc: Documentation for Android SDK, API 21, revision 1
----------
id: 2 or "android-20"
     Type: Platform
     Desc: Android SDK Platform 4.4W.2
           Revision 2
----------
id: 3 or "android-19"
     Type: Platform
     Desc: Android SDK Platform 4.4.2
           Revision 4
----------
id: 4 or "android-16"
     Type: Platform
     Desc: Android SDK Platform 4.1.2
           Revision 5
----------
id: 5 or "android-14"
     Type: Platform
     Desc: Android SDK Platform 4.0
           Revision 4
----------
id: 6 or "sample-20"
     Type: Sample
     Desc: Samples for SDK API 20, revision 3
----------
id: 7 or "sample-19"
     Type: Sample
     Desc: Samples for SDK API 19, revision 6
----------
id: 8 or "sys-img-armeabi-v7a-android-wear-20"
     Type: SystemImage
     Desc: Android SDK Platform 4.4W
           Revision 3
           Requires SDK Platform Android API 20
----------
id: 9 or "sys-img-x86-android-wear-20"
     Type: SystemImage
     Desc: Android SDK Platform 4.4W
           Revision 3
           Requires SDK Platform Android API 20
----------
id: 10 or "addon-google_apis-google-21"
     Type: Addon
     Desc: Google APIs, Android API 21, revision 1
           By Google Inc.
           Android + Google APIs
           Requires SDK Platform Android API 21
----------
id: 11 or "addon-google_apis_x86-google-19"
     Type: Addon
     Desc: Google APIs (x86 System Image), Android API 19, revision 9
           By Google Inc.
           Android x86 + Google APIs
           Requires SDK Platform Android API 19
----------
id: 12 or "addon-google_apis-google-19"
     Type: Addon
     Desc: Google APIs (ARM System Image), Android API 19, revision 9
           By Google Inc.
           Android + Google APIs
           Requires SDK Platform Android API 19
----------
id: 13 or "addon-google_gdk-google-19"
     Type: Addon
     Desc: Glass Development Kit Preview, Android API 19, revision 11
           By Google Inc.
           Preview of the Glass Development Kit
           Requires SDK Platform Android API 19
----------
id: 14 or "sys-img-armeabi-v7a-addon-google_apis-google-21"
     Type: SystemImage
     Desc: System Image armeabi-v7a with Google APIs.
           Revision 2
           Requires SDK Platform Android API 21
----------
id: 15 or "sys-img-x86_64-addon-google_apis-google-21"
     Type: SystemImage
     Desc: System Image x86_64 with Google APIs.
           Revision 2
           Requires SDK Platform Android API 21
----------
id: 16 or "sys-img-x86-addon-google_apis-google-21"
     Type: SystemImage
     Desc: System Image x86 with Google APIs.
           Revision 2
           Requires SDK Platform Android API 21
----------
id: 17 or "extra-android-m2repository"
     Type: Extra
     Desc: Android Support Repository, revision 9
           By Android
           Local Maven repository for Support Libraries
           Install path: extras/android/m2repository
----------
id: 18 or "extra-android-support"
     Type: Extra
     Desc: Android Support Library, revision 21.0.2
           By Android
           Install path: extras/android/support
----------
id: 19 or "extra-google-google_play_services_froyo"
     Type: Extra
     Desc: Google Play services for Froyo, revision 12
           By Google Inc.
           Google Play services client library and sample code
           Install path: extras/google/google_play_services_froyo
----------
id: 20 or "extra-google-google_play_services"
     Type: Extra
     Desc: Google Play services, revision 21
           By Google Inc.
           Google Play services client library and sample code
           Install path: extras/google/google_play_services
----------
id: 21 or "extra-google-m2repository"
     Type: Extra
     Desc: Google Repository, revision 13
           By Google Inc.
           Local Maven repository for Google Libraries
           Install path: extras/google/m2repository
----------
id: 22 or "extra-google-play_apk_expansion"
     Type: Extra
     Desc: Google Play APK Expansion Library, revision 3
           By Google Inc.
           Google Play APK Expansion library
           Install path: extras/google/play_apk_expansion
----------
id: 23 or "extra-google-play_billing"
     Type: Extra
     Desc: Google Play Billing Library, revision 5
           By Google Inc.
           Google Play Billing files and sample code
           Install path: extras/google/play_billing
----------
id: 24 or "extra-google-play_licensing"
     Type: Extra
     Desc: Google Play Licensing Library, revision 2
           By Google Inc.
           Google Play Licensing client library
           Install path: extras/google/play_licensing
----------
id: 25 or "extra-google-simulators"
     Type: Extra
     Desc: Android Auto API Simulators, revision 1
           By Google Inc.
           Android Auto API testing simulators
           Install path: extras/google/simulators
----------
id: 26 or "extra-google-webdriver"
     Type: Extra
     Desc: Google Web Driver, revision 2
           By Google Inc.
           WebDriver
           Install path: extras/google/webdriver

[0m[1;30m# Run '/opt/android-sdk/tools/android list sdk -u -e -a'[0m
[0m[1;30m# Cwd /home/timur/.buildozer/android/platform[0m
Refresh Sources:
  Fetching https://dl-ssl.google.com/android/repository/addons_list-2.xml
  Validate XML
  Parse XML
  Fetched Add-ons List successfully
  Refresh Sources
  Fetching URL: https://dl-ssl.google.com/android/repository/repository-10.xml
  Validate XML: https://dl-ssl.google.com/android/repository/repository-10.xml
  Parse XML:    https://dl-ssl.google.com/android/repository/repository-10.xml
  Fetching URL: https://dl-ssl.google.com/android/repository/addon.xml
  Validate XML: https://dl-ssl.google.com/android/repository/addon.xml
  Parse XML:    https://dl-ssl.google.com/android/repository/addon.xml
  Fetching URL: https://dl-ssl.google.com/android/repository/addon-6.xml
  Validate XML: https://dl-ssl.google.com/android/repository/addon-6.xml
  Parse XML:    https://dl-ssl.google.com/android/repository/addon-6.xml
  Fetching URL: https://dl-ssl.google.com/glass/gdk/addon.xml
  Validate XML: https://dl-ssl.google.com/glass/gdk/addon.xml
  Parse XML:    https://dl-ssl.google.com/glass/gdk/addon.xml
  Fetching URL: https://dl-ssl.google.com/android/repository/extras/intel/addon.xml
  Validate XML: https://dl-ssl.google.com/android/repository/extras/intel/addon.xml
  Parse XML:    https://dl-ssl.google.com/android/repository/extras/intel/addon.xml
  Fetching URL: https://dl-ssl.google.com/android/repository/sys-img/android/sys-img.xml
  Validate XML: https://dl-ssl.google.com/android/repository/sys-img/android/sys-img.xml
  Parse XML:    https://dl-ssl.google.com/android/repository/sys-img/android/sys-img.xml
  Fetching URL: https://dl-ssl.google.com/android/repository/sys-img/android-wear/sys-img.xml
  Validate XML: https://dl-ssl.google.com/android/repository/sys-img/android-wear/sys-img.xml
  Parse XML:    https://dl-ssl.google.com/android/repository/sys-img/android-wear/sys-img.xml
  Fetching URL: https://dl-ssl.google.com/android/repository/sys-img/android-tv/sys-img.xml
  Validate XML: https://dl-ssl.google.com/android/repository/sys-img/android-tv/sys-img.xml
  Parse XML:    https://dl-ssl.google.com/android/repository/sys-img/android-tv/sys-img.xml
  Fetching URL: https://dl-ssl.google.com/android/repository/sys-img/google_apis/sys-img.xml
  Validate XML: https://dl-ssl.google.com/android/repository/sys-img/google_apis/sys-img.xml
  Parse XML:    https://dl-ssl.google.com/android/repository/sys-img/google_apis/sys-img.xml
  Fetching URL: https://dl-ssl.google.com/android/repository/sys-img/x86/addon-x86.xml
  Validate XML: https://dl-ssl.google.com/android/repository/sys-img/x86/addon-x86.xml
  Parse XML:    https://dl-ssl.google.com/android/repository/sys-img/x86/addon-x86.xml
Packages available for installation or update: 121
----------
id: 1 or "tools"
     Type: Tool
     Desc: Android SDK Tools, revision 23.0.5
----------
id: 2 or "platform-tools"
     Type: PlatformTool
     Desc: Android SDK Platform-tools, revision 21
----------
id: 3 or "build-tools-21.1.1"
     Type: BuildTool
     Desc: Android SDK Build-tools, revision 21.1.1
----------
id: 4 or "build-tools-21.1.0"
     Type: BuildTool
     Desc: Android SDK Build-tools, revision 21.1
----------
id: 5 or "build-tools-21.0.2"
     Type: BuildTool
     Desc: Android SDK Build-tools, revision 21.0.2
----------
id: 6 or "build-tools-21.0.1"
     Type: BuildTool
     Desc: Android SDK Build-tools, revision 21.0.1
----------
id: 7 or "build-tools-21.0.0"
     Type: BuildTool
     Desc: Android SDK Build-tools, revision 21
----------
id: 8 or "build-tools-20.0.0"
     Type: BuildTool
     Desc: Android SDK Build-tools, revision 20
----------
id: 9 or "build-tools-19.1.0"
     Type: BuildTool
     Desc: Android SDK Build-tools, revision 19.1
----------
id: 10 or "build-tools-19.0.3"
     Type: BuildTool
     Desc: Android SDK Build-tools, revision 19.0.3
----------
id: 11 or "build-tools-19.0.2"
     Type: BuildTool
     Desc: Android SDK Build-tools, revision 19.0.2
----------
id: 12 or "build-tools-19.0.1"
     Type: BuildTool
     Desc: Android SDK Build-tools, revision 19.0.1
----------
id: 13 or "build-tools-19.0.0"
     Type: BuildTool
     Desc: Android SDK Build-tools, revision 19
----------
id: 14 or "build-tools-18.1.1"
     Type: BuildTool
     Desc: Android SDK Build-tools, revision 18.1.1
----------
id: 15 or "build-tools-18.1.0"
     Type: BuildTool
     Desc: Android SDK Build-tools, revision 18.1
----------
id: 16 or "build-tools-18.0.1"
     Type: BuildTool
     Desc: Android SDK Build-tools, revision 18.0.1
----------
id: 17 or "build-tools-17.0.0"
     Type: BuildTool
     Desc: Android SDK Build-tools, revision 17
----------
id: 18 or "doc-21"
     Type: Doc
     Desc: Documentation for Android SDK, API 21, revision 1
----------
id: 19 or "android-21"
     Type: Platform
     Desc: Android SDK Platform 5.0
           Revision 1
----------
id: 20 or "android-20"
     Type: Platform
     Desc: Android SDK Platform 4.4W.2
           Revision 2
----------
id: 21 or "android-19"
     Type: Platform
     Desc: Android SDK Platform 4.4.2
           Revision 4
----------
id: 22 or "android-18"
     Type: Platform
     Desc: Android SDK Platform 4.3.1
           Revision 3
----------
id: 23 or "android-17"
     Type: Platform
     Desc: Android SDK Platform 4.2.2
           Revision 3
----------
id: 24 or "android-16"
     Type: Platform
     Desc: Android SDK Platform 4.1.2
           Revision 5
----------
id: 25 or "android-15"
     Type: Platform
     Desc: Android SDK Platform 4.0.3
           Revision 5
----------
id: 26 or "android-14"
     Type: Platform
     Desc: Android SDK Platform 4.0
           Revision 4
----------
id: 27 or "android-13"
     Type: Platform
     Desc: Android SDK Platform 3.2, revision 1
----------
id: 28 or "android-12"
     Type: Platform
     Desc: Android SDK Platform 3.1, revision 3
----------
id: 29 or "android-11"
     Type: Platform
     Desc: Android SDK Platform 3.0, revision 2
----------
id: 30 or "android-10"
     Type: Platform
     Desc: Android SDK Platform 2.3.3._r2
           Revision 2
----------
id: 31 or "android-9"
     Type: Platform
     Desc: Android SDK Platform 2.3.1_r2
           Revision 2 (Obsolete)
----------
id: 32 or "android-8"
     Type: Platform
     Desc: Android SDK Platform 2.2_r3
           Revision 3
----------
id: 33 or "android-7"
     Type: Platform
     Desc: Android SDK Platform 2.1_r3
           Revision 3
----------
id: 34 or "android-6"
     Type: Platform
     Desc: Android SDK Platform 2.0.1_r1
           Revision 1 (Obsolete)
----------
id: 35 or "android-5"
     Type: Platform
     Desc: Android SDK Platform 2.0, revision 1
----------
id: 36 or "android-4"
     Type: Platform
     Desc: Android SDK Platform 1.6_r2
           Revision 3
----------
id: 37 or "android-3"
     Type: Platform
     Desc: Android SDK Platform 1.5_r3
           Revision 4
----------
id: 38 or "android-2"
     Type: Platform
     Desc: Android SDK Platform 1.1_r1
           Revision 1 (Obsolete)
----------
id: 39 or "sample-21"
     Type: Sample
     Desc: Samples for SDK API 21, revision 3
----------
id: 40 or "sample-20"
     Type: Sample
     Desc: Samples for SDK API 20, revision 3
----------
id: 41 or "sample-19"
     Type: Sample
     Desc: Samples for SDK API 19, revision 6
----------
id: 42 or "sample-18"
     Type: Sample
     Desc: Samples for SDK API 18, revision 1
----------
id: 43 or "sample-17"
     Type: Sample
     Desc: Samples for SDK API 17, revision 1
----------
id: 44 or "sample-16"
     Type: Sample
     Desc: Samples for SDK API 16, revision 1
----------
id: 45 or "sample-15"
     Type: Sample
     Desc: Samples for SDK API 15, revision 2
----------
id: 46 or "sample-14"
     Type: Sample
     Desc: Samples for SDK API 14, revision 2
----------
id: 47 or "sample-13"
     Type: Sample
     Desc: Android SDK Samples for Android API 13, revision 1
----------
id: 48 or "sample-12"
     Type: Sample
     Desc: Android SDK Samples for Android API 12, revision 1
----------
id: 49 or "sample-11"
     Type: Sample
     Desc: Android SDK Samples for Android API 11, revision 1
----------
id: 50 or "sample-10"
     Type: Sample
     Desc: Android SDK Samples for Android API 10, revision 1
----------
id: 51 or "sample-9"
     Type: Sample
     Desc: Android SDK Samples for Android API 9, revision 1
----------
id: 52 or "sample-8"
     Type: Sample
     Desc: Android SDK Samples for Android API 8, revision 1
----------
id: 53 or "sample-7"
     Type: Sample
     Desc: Android SDK Samples for Android API 7, revision 1
----------
id: 54 or "sys-img-armeabi-v7a-android-tv-21"
     Type: SystemImage
     Desc: Android SDK Platform 5.0
           Revision 1
           Requires SDK Platform Android API 21
----------
id: 55 or "sys-img-x86-android-tv-21"
     Type: SystemImage
     Desc: Android SDK Platform 5.0
           Revision 1
           Requires SDK Platform Android API 21
----------
id: 56 or "sys-img-armeabi-v7a-android-21"
     Type: SystemImage
     Desc: Android SDK Platform 5.0
           Revision 1
           Requires SDK Platform Android API 21
----------
id: 57 or "sys-img-x86_64-android-21"
     Type: SystemImage
     Desc: Android SDK Platform 5.0
           Revision 1
           Requires SDK Platform Android API 21
----------
id: 58 or "sys-img-x86-android-21"
     Type: SystemImage
     Desc: Android SDK Platform 5.0
           Revision 1
           Requires SDK Platform Android API 21
----------
id: 59 or "sys-img-armeabi-v7a-android-wear-20"
     Type: SystemImage
     Desc: Android SDK Platform 4.4W
           Revision 3
           Requires SDK Platform Android API 20
----------
id: 60 or "sys-img-x86-android-wear-20"
     Type: SystemImage
     Desc: Android SDK Platform 4.4W
           Revision 3
           Requires SDK Platform Android API 20
----------
id: 61 or "sys-img-armeabi-v7a-android-19"
     Type: SystemImage
     Desc: Android SDK Platform 4.4.2
           Revision 2
           Requires SDK Platform Android API 19
----------
id: 62 or "sys-img-x86-android-19"
     Type: SystemImage
     Desc: Android SDK Platform 4.4.2
           Revision 2
           Requires SDK Platform Android API 19
----------
id: 63 or "sys-img-armeabi-v7a-android-18"
     Type: SystemImage
     Desc: Android SDK Platform 4.3
           Revision 2
           Requires SDK Platform Android API 18
----------
id: 64 or "sys-img-x86-android-18"
     Type: SystemImage
     Desc: Android SDK Platform 4.3
           Revision 1
           Requires SDK Platform Android API 18
----------
id: 65 or "sys-img-armeabi-v7a-android-17"
     Type: SystemImage
     Desc: Android SDK Platform 4.2.2
           Revision 2
           Requires SDK Platform Android API 17
----------
id: 66 or "sys-img-x86-android-17"
     Type: SystemImage
     Desc: Android SDK Platform 4.2
           Revision 1
           Requires SDK Platform Android API 17
----------
id: 67 or "sys-img-mips-android-17"
     Type: SystemImage
     Desc: Android 4.2.1
           Revision 1
           Requires SDK Platform Android API 17
----------
id: 68 or "sys-img-armeabi-v7a-android-16"
     Type: SystemImage
     Desc: Android SDK Platform 4.1
           Revision 3
           Requires SDK Platform Android API 16
----------
id: 69 or "sys-img-x86-android-16"
     Type: SystemImage
     Desc: Android SDK Platform 4.1.1
           Revision 1
           Requires SDK Platform Android API 16
----------
id: 70 or "sys-img-mips-android-16"
     Type: SystemImage
     Desc: Android 4.1.2
           Revision 4
           Requires SDK Platform Android API 16
----------
id: 71 or "sys-img-armeabi-v7a-android-15"
     Type: SystemImage
     Desc: Android SDK Platform 4.0.3
           Revision 2
           Requires SDK Platform Android API 15
----------
id: 72 or "sys-img-x86-android-15"
     Type: SystemImage
     Desc: Android SDK Platform 4.0.4
           Revision 1
           Requires SDK Platform Android API 15
----------
id: 73 or "sys-img-mips-android-15"
     Type: SystemImage
     Desc: Android 4.0.4
           Revision 1
           Requires SDK Platform Android API 15
----------
id: 74 or "sys-img-armeabi-v7a-android-14"
     Type: SystemImage
     Desc: Android SDK Platform 4.0
           Revision 2
           Requires SDK Platform Android API 14
----------
id: 75 or "sys-img-x86-android-10"
     Type: SystemImage
     Desc: Android SDK Platform 2.3.7
           Revision 2
           Requires SDK Platform Android API 10
----------
id: 76 or "addon-google_apis-google-21"
     Type: Addon
     Desc: Google APIs, Android API 21, revision 1
           By Google Inc.
           Android + Google APIs
           Requires SDK Platform Android API 21
----------
id: 77 or "addon-google_apis_x86-google-19"
     Type: Addon
     Desc: Google APIs (x86 System Image), Android API 19, revision 9
           By Google Inc.
           Android x86 + Google APIs
           Requires SDK Platform Android API 19
----------
id: 78 or "addon-google_apis-google-19"
     Type: Addon
     Desc: Google APIs (ARM System Image), Android API 19, revision 9
           By Google Inc.
           Android + Google APIs
           Requires SDK Platform Android API 19
----------
id: 79 or "addon-google_gdk-google-19"
     Type: Addon
     Desc: Glass Development Kit Preview, Android API 19, revision 11
           By Google Inc.
           Preview of the Glass Development Kit
           Requires SDK Platform Android API 19
----------
id: 80 or "addon-google_apis-google-18"
     Type: Addon
     Desc: Google APIs, Android API 18, revision 3
           By Google Inc.
           Android + Google APIs
           Requires SDK Platform Android API 18
----------
id: 81 or "addon-google_apis-google-17"
     Type: Addon
     Desc: Google APIs, Android API 17, revision 3
           By Google Inc.
           Android + Google APIs
           Requires SDK Platform Android API 17
----------
id: 82 or "addon-google_apis-google-16"
     Type: Addon
     Desc: Google APIs, Android API 16, revision 3
           By Google Inc.
           Android + Google APIs
           Requires SDK Platform Android API 16
----------
id: 83 or "addon-google_apis-google-15"
     Type: Addon
     Desc: Google APIs, Android API 15, revision 2
           By Google Inc.
           Android + Google APIs
           Requires SDK Platform Android API 15
----------
id: 84 or "addon-google_apis-google-14"
     Type: Addon
     Desc: Google APIs, Android API 14, revision 2
           By Google Inc.
           Android + Google APIs
           Requires SDK Platform Android API 14
----------
id: 85 or "addon-google_apis-google-13"
     Type: Addon
     Desc: Google APIs, Android API 13, revision 1
           By Google Inc.
           Android + Google APIs, API 13, revision 1
           Requires SDK Platform Android API 13
----------
id: 86 or "addon-google_tv_addon-google-13"
     Type: Addon
     Desc: Google TV Addon, Android API 13, revision 1
           By Google Inc.
           Android + Google TV, API 13
           Requires SDK Platform Android API 13
----------
id: 87 or "addon-google_apis-google-12"
     Type: Addon
     Desc: Google APIs, Android API 12, revision 1
           By Google Inc.
           Android + Google APIs, API 12, revision 1
           Requires SDK Platform Android API 12
----------
id: 88 or "addon-google_tv_addon-google-12"
     Type: Addon
     Desc: Google TV Addon, Android API 12, revision 2
           By Google Inc.
           Android + Google TV, API 12, preview release
           Requires SDK Platform Android API 12
----------
id: 89 or "addon-google_apis-google-11"
     Type: Addon
     Desc: Google APIs, Android API 11, revision 1
           By Google Inc.
           Android + Google APIs, API 11, revision 1
           Requires SDK Platform Android API 11
----------
id: 90 or "addon-google_apis-google-10"
     Type: Addon
     Desc: Google APIs, Android API 10, revision 2
           By Google Inc.
           Android + Google APIs, API 10, revision 2
           Requires SDK Platform Android API 10
----------
id: 91 or "addon-google_apis-google-9"
     Type: Addon
     Desc: Google APIs, Android API 9, revision 2 (Obsolete)
           By Google Inc.
           Android + Google APIs, API 9, revision 2
           Requires SDK Platform Android API 9
----------
id: 92 or "addon-google_apis-google-8"
     Type: Addon
     Desc: Google APIs, Android API 8, revision 2
           By Google Inc.
           Android + Google APIs, API 8, revision 2
           Requires SDK Platform Android API 8
----------
id: 93 or "addon-google_apis-google-7"
     Type: Addon
     Desc: Google APIs, Android API 7, revision 1
           By Google Inc.
           Android + Google APIs, revision 1
           Requires SDK Platform Android API 7
----------
id: 94 or "addon-google_apis-google-6"
     Type: Addon
     Desc: Google APIs, Android API 6, revision 1 (Obsolete)
           By Google Inc.
           Android + Google APIs, revision 1
           Requires SDK Platform Android API 6
----------
id: 95 or "addon-google_apis-google-5"
     Type: Addon
     Desc: Google APIs, Android API 5, revision 1 (Obsolete)
           By Google Inc.
           Android + Google APIs, revision 1
           Requires SDK Platform Android API 5
----------
id: 96 or "addon-google_apis-google-4"
     Type: Addon
     Desc: Google APIs, Android API 4, revision 2
           By Google Inc.
           Android + Google APIs, revision 2
           Requires SDK Platform Android API 4
----------
id: 97 or "addon-google_apis-google-3"
     Type: Addon
     Desc: Google APIs, Android API 3, revision 3
           By Google Inc.
           Android + Google APIs
           Requires SDK Platform Android API 3
----------
id: 98 or "sys-img-armeabi-v7a-addon-google_apis-google-21"
     Type: SystemImage
     Desc: System Image armeabi-v7a with Google APIs.
           Revision 2
           Requires SDK Platform Android API 21
----------
id: 99 or "sys-img-x86_64-addon-google_apis-google-21"
     Type: SystemImage
     Desc: System Image x86_64 with Google APIs.
           Revision 2
           Requires SDK Platform Android API 21
----------
id: 100 or "sys-img-x86-addon-google_apis-google-21"
     Type: SystemImage
     Desc: System Image x86 with Google APIs.
           Revision 2
           Requires SDK Platform Android API 21
----------
id: 101 or "source-21"
     Type: Source
     Desc: Sources for Android SDK, API 21, revision 1
----------
id: 102 or "source-20"
     Type: Source
     Desc: Sources for Android SDK, API 20, revision 1
----------
id: 103 or "source-19"
     Type: Source
     Desc: Sources for Android SDK, API 19, revision 2
----------
id: 104 or "source-18"
     Type: Source
     Desc: Sources for Android SDK, API 18, revision 1
----------
id: 105 or "source-17"
     Type: Source
     Desc: Sources for Android SDK, API 17, revision 1
----------
id: 106 or "source-16"
     Type: Source
     Desc: Sources for Android SDK, API 16, revision 2
----------
id: 107 or "source-15"
     Type: Source
     Desc: Sources for Android SDK, API 15, revision 2
----------
id: 108 or "source-14"
     Type: Source
     Desc: Sources for Android SDK, API 14, revision 1
----------
id: 109 or "extra-android-m2repository"
     Type: Extra
     Desc: Android Support Repository, revision 9
           By Android
           Local Maven repository for Support Libraries
           Install path: extras/android/m2repository
----------
id: 110 or "extra-android-support"
     Type: Extra
     Desc: Android Support Library, revision 21.0.2
           By Android
           Install path: extras/android/support
----------
id: 111 or "extra-google-admob_ads_sdk"
     Type: Extra
     Desc: Google AdMob Ads SDK, revision 11 (Obsolete)
           By Google Inc.
           AdMob Ads SDK
           Install path: extras/google/admob_ads_sdk
----------
id: 112 or "extra-google-analytics_sdk_v2"
     Type: Extra
     Desc: Google Analytics App Tracking SDK, revision 3 (Obsolete)
           By Google Inc.
           Analytics App Tracking SDK
           Install path: extras/google/analytics_sdk_v2
----------
id: 113 or "extra-google-gcm"
     Type: Extra
     Desc: Google Cloud Messaging for Android Library, revision 3 (Obsolete)
           By Google Inc.
           GCM library has been moved to Google Play Services
           (com.google.android.gms.gcm) and this standalone version is no
           longer supported
           Install path: extras/google/gcm
----------
id: 114 or "extra-google-google_play_services_froyo"
     Type: Extra
     Desc: Google Play services for Froyo, revision 12
           By Google Inc.
           Google Play services client library and sample code
           Install path: extras/google/google_play_services_froyo
----------
id: 115 or "extra-google-google_play_services"
     Type: Extra
     Desc: Google Play services, revision 21
           By Google Inc.
           Google Play services client library and sample code
           Install path: extras/google/google_play_services
----------
id: 116 or "extra-google-m2repository"
     Type: Extra
     Desc: Google Repository, revision 13
           By Google Inc.
           Local Maven repository for Google Libraries
           Install path: extras/google/m2repository
----------
id: 117 or "extra-google-play_apk_expansion"
     Type: Extra
     Desc: Google Play APK Expansion Library, revision 3
           By Google Inc.
           Google Play APK Expansion library
           Install path: extras/google/play_apk_expansion
----------
id: 118 or "extra-google-play_billing"
     Type: Extra
     Desc: Google Play Billing Library, revision 5
           By Google Inc.
           Google Play Billing files and sample code
           Install path: extras/google/play_billing
----------
id: 119 or "extra-google-play_licensing"
     Type: Extra
     Desc: Google Play Licensing Library, revision 2
           By Google Inc.
           Google Play Licensing client library
           Install path: extras/google/play_licensing
----------
id: 120 or "extra-google-simulators"
     Type: Extra
     Desc: Android Auto API Simulators, revision 1
           By Google Inc.
           Android Auto API testing simulators
           Install path: extras/google/simulators
----------
id: 121 or "extra-google-webdriver"
     Type: Extra
     Desc: Google Web Driver, revision 2
           By Google Inc.
           WebDriver
           Install path: extras/google/webdriver
Refresh Sources:
  Fetching https://dl-ssl.google.com/android/repository/addons_list-2.xml
  Validate XML
  Parse XML
  Fetched Add-ons List successfully
  Refresh Sources
  Fetching URL: https://dl-ssl.google.com/android/repository/repository-10.xml
  Validate XML: https://dl-ssl.google.com/android/repository/repository-10.xml
  Parse XML:    https://dl-ssl.google.com/android/repository/repository-10.xml
  Fetching URL: https://dl-ssl.google.com/android/repository/addon.xml
  Validate XML: https://dl-ssl.google.com/android/repository/addon.xml
  Parse XML:    https://dl-ssl.google.com/android/repository/addon.xml
  Fetching URL: https://dl-ssl.google.com/android/repository/addon-6.xml
  Validate XML: https://dl-ssl.google.com/android/repository/addon-6.xml
  Parse XML:    https://dl-ssl.google.com/android/repository/addon-6.xml
  Fetching URL: https://dl-ssl.google.com/glass/gdk/addon.xml
  Validate XML: https://dl-ssl.google.com/glass/gdk/addon.xml
  Parse XML:    https://dl-ssl.google.com/glass/gdk/addon.xml
  Fetching URL: https://dl-ssl.google.com/android/repository/extras/intel/addon.xml
  Validate XML: https://dl-ssl.google.com/android/repository/extras/intel/addon.xml
  Parse XML:    https://dl-ssl.google.com/android/repository/extras/intel/addon.xml
  Fetching URL: https://dl-ssl.google.com/android/repository/sys-img/android/sys-img.xml
  Validate XML: https://dl-ssl.google.com/android/repository/sys-img/android/sys-img.xml
  Parse XML:    https://dl-ssl.google.com/android/repository/sys-img/android/sys-img.xml
  Fetching URL: https://dl-ssl.google.com/android/repository/sys-img/android-wear/sys-img.xml
  Validate XML: https://dl-ssl.google.com/android/repository/sys-img/android-wear/sys-img.xml
  Parse XML:    https://dl-ssl.google.com/android/repository/sys-img/android-wear/sys-img.xml
  Fetching URL: https://dl-ssl.google.com/android/repository/sys-img/android-tv/sys-img.xml
  Validate XML: https://dl-ssl.google.com/android/repository/sys-img/android-tv/sys-img.xml
  Parse XML:    https://dl-ssl.google.com/android/repository/sys-img/android-tv/sys-img.xml
  Fetching URL: https://dl-ssl.google.com/android/repository/sys-img/google_apis/sys-img.xml
  Validate XML: https://dl-ssl.google.com/android/repository/sys-img/google_apis/sys-img.xml
  Parse XML:    https://dl-ssl.google.com/android/repository/sys-img/google_apis/sys-img.xml
  Fetching URL: https://dl-ssl.google.com/android/repository/sys-img/x86/addon-x86.xml
  Validate XML: https://dl-ssl.google.com/android/repository/sys-img/x86/addon-x86.xml
  Parse XML:    https://dl-ssl.google.com/android/repository/sys-img/x86/addon-x86.xml
Packages available for installation or update: 121
----------
id: 1 or "tools"
     Type: Tool
     Desc: Android SDK Tools, revision 23.0.5
----------
id: 2 or "platform-tools"
     Type: PlatformTool
     Desc: Android SDK Platform-tools, revision 21
----------
id: 3 or "build-tools-21.1.1"
     Type: BuildTool
     Desc: Android SDK Build-tools, revision 21.1.1
----------
id: 4 or "build-tools-21.1.0"
     Type: BuildTool
     Desc: Android SDK Build-tools, revision 21.1
----------
id: 5 or "build-tools-21.0.2"
     Type: BuildTool
     Desc: Android SDK Build-tools, revision 21.0.2
----------
id: 6 or "build-tools-21.0.1"
     Type: BuildTool
     Desc: Android SDK Build-tools, revision 21.0.1
----------
id: 7 or "build-tools-21.0.0"
     Type: BuildTool
     Desc: Android SDK Build-tools, revision 21
----------
id: 8 or "build-tools-20.0.0"
     Type: BuildTool
     Desc: Android SDK Build-tools, revision 20
----------
id: 9 or "build-tools-19.1.0"
     Type: BuildTool
     Desc: Android SDK Build-tools, revision 19.1
----------
id: 10 or "build-tools-19.0.3"
     Type: BuildTool
     Desc: Android SDK Build-tools, revision 19.0.3
----------
id: 11 or "build-tools-19.0.2"
     Type: BuildTool
     Desc: Android SDK Build-tools, revision 19.0.2
----------
id: 12 or "build-tools-19.0.1"
     Type: BuildTool
     Desc: Android SDK Build-tools, revision 19.0.1
----------
id: 13 or "build-tools-19.0.0"
     Type: BuildTool
     Desc: Android SDK Build-tools, revision 19
----------
id: 14 or "build-tools-18.1.1"
     Type: BuildTool
     Desc: Android SDK Build-tools, revision 18.1.1
----------
id: 15 or "build-tools-18.1.0"
     Type: BuildTool
     Desc: Android SDK Build-tools, revision 18.1
----------
id: 16 or "build-tools-18.0.1"
     Type: BuildTool
     Desc: Android SDK Build-tools, revision 18.0.1
----------
id: 17 or "build-tools-17.0.0"
     Type: BuildTool
     Desc: Android SDK Build-tools, revision 17
----------
id: 18 or "doc-21"
     Type: Doc
     Desc: Documentation for Android SDK, API 21, revision 1
----------
id: 19 or "android-21"
     Type: Platform
     Desc: Android SDK Platform 5.0
           Revision 1
----------
id: 20 or "android-20"
     Type: Platform
     Desc: Android SDK Platform 4.4W.2
           Revision 2
----------
id: 21 or "android-19"
     Type: Platform
     Desc: Android SDK Platform 4.4.2
           Revision 4
----------
id: 22 or "android-18"
     Type: Platform
     Desc: Android SDK Platform 4.3.1
           Revision 3
----------
id: 23 or "android-17"
     Type: Platform
     Desc: Android SDK Platform 4.2.2
           Revision 3
----------
id: 24 or "android-16"
     Type: Platform
     Desc: Android SDK Platform 4.1.2
           Revision 5
----------
id: 25 or "android-15"
     Type: Platform
     Desc: Android SDK Platform 4.0.3
           Revision 5
----------
id: 26 or "android-14"
     Type: Platform
     Desc: Android SDK Platform 4.0
           Revision 4
----------
id: 27 or "android-13"
     Type: Platform
     Desc: Android SDK Platform 3.2, revision 1
----------
id: 28 or "android-12"
     Type: Platform
     Desc: Android SDK Platform 3.1, revision 3
----------
id: 29 or "android-11"
     Type: Platform
     Desc: Android SDK Platform 3.0, revision 2
----------
id: 30 or "android-10"
     Type: Platform
     Desc: Android SDK Platform 2.3.3._r2
           Revision 2
----------
id: 31 or "android-9"
     Type: Platform
     Desc: Android SDK Platform 2.3.1_r2
           Revision 2 (Obsolete)
----------
id: 32 or "android-8"
     Type: Platform
     Desc: Android SDK Platform 2.2_r3
           Revision 3
----------
id: 33 or "android-7"
     Type: Platform
     Desc: Android SDK Platform 2.1_r3
           Revision 3
----------
id: 34 or "android-6"
     Type: Platform
     Desc: Android SDK Platform 2.0.1_r1
           Revision 1 (Obsolete)
----------
id: 35 or "android-5"
     Type: Platform
     Desc: Android SDK Platform 2.0, revision 1
----------
id: 36 or "android-4"
     Type: Platform
     Desc: Android SDK Platform 1.6_r2
           Revision 3
----------
id: 37 or "android-3"
     Type: Platform
     Desc: Android SDK Platform 1.5_r3
           Revision 4
----------
id: 38 or "android-2"
     Type: Platform
     Desc: Android SDK Platform 1.1_r1
           Revision 1 (Obsolete)
----------
id: 39 or "sample-21"
     Type: Sample
     Desc: Samples for SDK API 21, revision 3
----------
id: 40 or "sample-20"
     Type: Sample
     Desc: Samples for SDK API 20, revision 3
----------
id: 41 or "sample-19"
     Type: Sample
     Desc: Samples for SDK API 19, revision 6
----------
id: 42 or "sample-18"
     Type: Sample
     Desc: Samples for SDK API 18, revision 1
----------
id: 43 or "sample-17"
     Type: Sample
     Desc: Samples for SDK API 17, revision 1
----------
id: 44 or "sample-16"
     Type: Sample
     Desc: Samples for SDK API 16, revision 1
----------
id: 45 or "sample-15"
     Type: Sample
     Desc: Samples for SDK API 15, revision 2
----------
id: 46 or "sample-14"
     Type: Sample
     Desc: Samples for SDK API 14, revision 2
----------
id: 47 or "sample-13"
     Type: Sample
     Desc: Android SDK Samples for Android API 13, revision 1
----------
id: 48 or "sample-12"
     Type: Sample
     Desc: Android SDK Samples for Android API 12, revision 1
----------
id: 49 or "sample-11"
     Type: Sample
     Desc: Android SDK Samples for Android API 11, revision 1
----------
id: 50 or "sample-10"
     Type: Sample
     Desc: Android SDK Samples for Android API 10, revision 1
----------
id: 51 or "sample-9"
     Type: Sample
     Desc: Android SDK Samples for Android API 9, revision 1
----------
id: 52 or "sample-8"
     Type: Sample
     Desc: Android SDK Samples for Android API 8, revision 1
----------
id: 53 or "sample-7"
     Type: Sample
     Desc: Android SDK Samples for Android API 7, revision 1
----------
id: 54 or "sys-img-armeabi-v7a-android-tv-21"
     Type: SystemImage
     Desc: Android SDK Platform 5.0
           Revision 1
           Requires SDK Platform Android API 21
----------
id: 55 or "sys-img-x86-android-tv-21"
     Type: SystemImage
     Desc: Android SDK Platform 5.0
           Revision 1
           Requires SDK Platform Android API 21
----------
id: 56 or "sys-img-armeabi-v7a-android-21"
     Type: SystemImage
     Desc: Android SDK Platform 5.0
           Revision 1
           Requires SDK Platform Android API 21
----------
id: 57 or "sys-img-x86_64-android-21"
     Type: SystemImage
     Desc: Android SDK Platform 5.0
           Revision 1
           Requires SDK Platform Android API 21
----------
id: 58 or "sys-img-x86-android-21"
     Type: SystemImage
     Desc: Android SDK Platform 5.0
           Revision 1
           Requires SDK Platform Android API 21
----------
id: 59 or "sys-img-armeabi-v7a-android-wear-20"
     Type: SystemImage
     Desc: Android SDK Platform 4.4W
           Revision 3
           Requires SDK Platform Android API 20
----------
id: 60 or "sys-img-x86-android-wear-20"
     Type: SystemImage
     Desc: Android SDK Platform 4.4W
           Revision 3
           Requires SDK Platform Android API 20
----------
id: 61 or "sys-img-armeabi-v7a-android-19"
     Type: SystemImage
     Desc: Android SDK Platform 4.4.2
           Revision 2
           Requires SDK Platform Android API 19
----------
id: 62 or "sys-img-x86-android-19"
     Type: SystemImage
     Desc: Android SDK Platform 4.4.2
           Revision 2
           Requires SDK Platform Android API 19
----------
id: 63 or "sys-img-armeabi-v7a-android-18"
     Type: SystemImage
     Desc: Android SDK Platform 4.3
           Revision 2
           Requires SDK Platform Android API 18
----------
id: 64 or "sys-img-x86-android-18"
     Type: SystemImage
     Desc: Android SDK Platform 4.3
           Revision 1
           Requires SDK Platform Android API 18
----------
id: 65 or "sys-img-armeabi-v7a-android-17"
     Type: SystemImage
     Desc: Android SDK Platform 4.2.2
           Revision 2
           Requires SDK Platform Android API 17
----------
id: 66 or "sys-img-x86-android-17"
     Type: SystemImage
     Desc: Android SDK Platform 4.2
           Revision 1
           Requires SDK Platform Android API 17
----------
id: 67 or "sys-img-mips-android-17"
     Type: SystemImage
     Desc: Android 4.2.1
           Revision 1
           Requires SDK Platform Android API 17
----------
id: 68 or "sys-img-armeabi-v7a-android-16"
     Type: SystemImage
     Desc: Android SDK Platform 4.1
           Revision 3
           Requires SDK Platform Android API 16
----------
id: 69 or "sys-img-x86-android-16"
     Type: SystemImage
     Desc: Android SDK Platform 4.1.1
           Revision 1
           Requires SDK Platform Android API 16
----------
id: 70 or "sys-img-mips-android-16"
     Type: SystemImage
     Desc: Android 4.1.2
           Revision 4
           Requires SDK Platform Android API 16
----------
id: 71 or "sys-img-armeabi-v7a-android-15"
     Type: SystemImage
     Desc: Android SDK Platform 4.0.3
           Revision 2
           Requires SDK Platform Android API 15
----------
id: 72 or "sys-img-x86-android-15"
     Type: SystemImage
     Desc: Android SDK Platform 4.0.4
           Revision 1
           Requires SDK Platform Android API 15
----------
id: 73 or "sys-img-mips-android-15"
     Type: SystemImage
     Desc: Android 4.0.4
           Revision 1
           Requires SDK Platform Android API 15
----------
id: 74 or "sys-img-armeabi-v7a-android-14"
     Type: SystemImage
     Desc: Android SDK Platform 4.0
           Revision 2
           Requires SDK Platform Android API 14
----------
id: 75 or "sys-img-x86-android-10"
     Type: SystemImage
     Desc: Android SDK Platform 2.3.7
           Revision 2
           Requires SDK Platform Android API 10
----------
id: 76 or "addon-google_apis-google-21"
     Type: Addon
     Desc: Google APIs, Android API 21, revision 1
           By Google Inc.
           Android + Google APIs
           Requires SDK Platform Android API 21
----------
id: 77 or "addon-google_apis_x86-google-19"
     Type: Addon
     Desc: Google APIs (x86 System Image), Android API 19, revision 9
           By Google Inc.
           Android x86 + Google APIs
           Requires SDK Platform Android API 19
----------
id: 78 or "addon-google_apis-google-19"
     Type: Addon
     Desc: Google APIs (ARM System Image), Android API 19, revision 9
           By Google Inc.
           Android + Google APIs
           Requires SDK Platform Android API 19
----------
id: 79 or "addon-google_gdk-google-19"
     Type: Addon
     Desc: Glass Development Kit Preview, Android API 19, revision 11
           By Google Inc.
           Preview of the Glass Development Kit
           Requires SDK Platform Android API 19
----------
id: 80 or "addon-google_apis-google-18"
     Type: Addon
     Desc: Google APIs, Android API 18, revision 3
           By Google Inc.
           Android + Google APIs
           Requires SDK Platform Android API 18
----------
id: 81 or "addon-google_apis-google-17"
     Type: Addon
     Desc: Google APIs, Android API 17, revision 3
           By Google Inc.
           Android + Google APIs
           Requires SDK Platform Android API 17
----------
id: 82 or "addon-google_apis-google-16"
     Type: Addon
     Desc: Google APIs, Android API 16, revision 3
           By Google Inc.
           Android + Google APIs
           Requires SDK Platform Android API 16
----------
id: 83 or "addon-google_apis-google-15"
     Type: Addon
     Desc: Google APIs, Android API 15, revision 2
           By Google Inc.
           Android + Google APIs
           Requires SDK Platform Android API 15
----------
id: 84 or "addon-google_apis-google-14"
     Type: Addon
     Desc: Google APIs, Android API 14, revision 2
           By Google Inc.
           Android + Google APIs
           Requires SDK Platform Android API 14
----------
id: 85 or "addon-google_apis-google-13"
     Type: Addon
     Desc: Google APIs, Android API 13, revision 1
           By Google Inc.
           Android + Google APIs, API 13, revision 1
           Requires SDK Platform Android API 13
----------
id: 86 or "addon-google_tv_addon-google-13"
     Type: Addon
     Desc: Google TV Addon, Android API 13, revision 1
           By Google Inc.
           Android + Google TV, API 13
           Requires SDK Platform Android API 13
----------
id: 87 or "addon-google_apis-google-12"
     Type: Addon
     Desc: Google APIs, Android API 12, revision 1
           By Google Inc.
           Android + Google APIs, API 12, revision 1
           Requires SDK Platform Android API 12
----------
id: 88 or "addon-google_tv_addon-google-12"
     Type: Addon
     Desc: Google TV Addon, Android API 12, revision 2
           By Google Inc.
           Android + Google TV, API 12, preview release
           Requires SDK Platform Android API 12
----------
id: 89 or "addon-google_apis-google-11"
     Type: Addon
     Desc: Google APIs, Android API 11, revision 1
           By Google Inc.
           Android + Google APIs, API 11, revision 1
           Requires SDK Platform Android API 11
----------
id: 90 or "addon-google_apis-google-10"
     Type: Addon
     Desc: Google APIs, Android API 10, revision 2
           By Google Inc.
           Android + Google APIs, API 10, revision 2
           Requires SDK Platform Android API 10
----------
id: 91 or "addon-google_apis-google-9"
     Type: Addon
     Desc: Google APIs, Android API 9, revision 2 (Obsolete)
           By Google Inc.
           Android + Google APIs, API 9, revision 2
           Requires SDK Platform Android API 9
----------
id: 92 or "addon-google_apis-google-8"
     Type: Addon
     Desc: Google APIs, Android API 8, revision 2
           By Google Inc.
           Android + Google APIs, API 8, revision 2
           Requires SDK Platform Android API 8
----------
id: 93 or "addon-google_apis-google-7"
     Type: Addon
     Desc: Google APIs, Android API 7, revision 1
           By Google Inc.
           Android + Google APIs, revision 1
           Requires SDK Platform Android API 7
----------
id: 94 or "addon-google_apis-google-6"
     Type: Addon
     Desc: Google APIs, Android API 6, revision 1 (Obsolete)
           By Google Inc.
           Android + Google APIs, revision 1
           Requires SDK Platform Android API 6
----------
id: 95 or "addon-google_apis-google-5"
     Type: Addon
     Desc: Google APIs, Android API 5, revision 1 (Obsolete)
           By Google Inc.
           Android + Google APIs, revision 1
           Requires SDK Platform Android API 5
----------
id: 96 or "addon-google_apis-google-4"
     Type: Addon
     Desc: Google APIs, Android API 4, revision 2
           By Google Inc.
           Android + Google APIs, revision 2
           Requires SDK Platform Android API 4
----------
id: 97 or "addon-google_apis-google-3"
     Type: Addon
     Desc: Google APIs, Android API 3, revision 3
           By Google Inc.
           Android + Google APIs
           Requires SDK Platform Android API 3
----------
id: 98 or "sys-img-armeabi-v7a-addon-google_apis-google-21"
     Type: SystemImage
     Desc: System Image armeabi-v7a with Google APIs.
           Revision 2
           Requires SDK Platform Android API 21
----------
id: 99 or "sys-img-x86_64-addon-google_apis-google-21"
     Type: SystemImage
     Desc: System Image x86_64 with Google APIs.
           Revision 2
           Requires SDK Platform Android API 21
----------
id: 100 or "sys-img-x86-addon-google_apis-google-21"
     Type: SystemImage
     Desc: System Image x86 with Google APIs.
           Revision 2
           Requires SDK Platform Android API 21
----------
id: 101 or "source-21"
     Type: Source
     Desc: Sources for Android SDK, API 21, revision 1
----------
id: 102 or "source-20"
     Type: Source
     Desc: Sources for Android SDK, API 20, revision 1
----------
id: 103 or "source-19"
     Type: Source
     Desc: Sources for Android SDK, API 19, revision 2
----------
id: 104 or "source-18"
     Type: Source
     Desc: Sources for Android SDK, API 18, revision 1
----------
id: 105 or "source-17"
     Type: Source
     Desc: Sources for Android SDK, API 17, revision 1
----------
id: 106 or "source-16"
     Type: Source
     Desc: Sources for Android SDK, API 16, revision 2
----------
id: 107 or "source-15"
     Type: Source
     Desc: Sources for Android SDK, API 15, revision 2
----------
id: 108 or "source-14"
     Type: Source
     Desc: Sources for Android SDK, API 14, revision 1
----------
id: 109 or "extra-android-m2repository"
     Type: Extra
     Desc: Android Support Repository, revision 9
           By Android
           Local Maven repository for Support Libraries
           Install path: extras/android/m2repository
----------
id: 110 or "extra-android-support"
     Type: Extra
     Desc: Android Support Library, revision 21.0.2
           By Android
           Install path: extras/android/support
----------
id: 111 or "extra-google-admob_ads_sdk"
     Type: Extra
     Desc: Google AdMob Ads SDK, revision 11 (Obsolete)
           By Google Inc.
           AdMob Ads SDK
           Install path: extras/google/admob_ads_sdk
----------
id: 112 or "extra-google-analytics_sdk_v2"
     Type: Extra
     Desc: Google Analytics App Tracking SDK, revision 3 (Obsolete)
           By Google Inc.
           Analytics App Tracking SDK
           Install path: extras/google/analytics_sdk_v2
----------
id: 113 or "extra-google-gcm"
     Type: Extra
     Desc: Google Cloud Messaging for Android Library, revision 3 (Obsolete)
           By Google Inc.
           GCM library has been moved to Google Play Services
           (com.google.android.gms.gcm) and this standalone version is no
           longer supported
           Install path: extras/google/gcm
----------
id: 114 or "extra-google-google_play_services_froyo"
     Type: Extra
     Desc: Google Play services for Froyo, revision 12
           By Google Inc.
           Google Play services client library and sample code
           Install path: extras/google/google_play_services_froyo
----------
id: 115 or "extra-google-google_play_services"
     Type: Extra
     Desc: Google Play services, revision 21
           By Google Inc.
           Google Play services client library and sample code
           Install path: extras/google/google_play_services
----------
id: 116 or "extra-google-m2repository"
     Type: Extra
     Desc: Google Repository, revision 13
           By Google Inc.
           Local Maven repository for Google Libraries
           Install path: extras/google/m2repository
----------
id: 117 or "extra-google-play_apk_expansion"
     Type: Extra
     Desc: Google Play APK Expansion Library, revision 3
           By Google Inc.
           Google Play APK Expansion library
           Install path: extras/google/play_apk_expansion
----------
id: 118 or "extra-google-play_billing"
     Type: Extra
     Desc: Google Play Billing Library, revision 5
           By Google Inc.
           Google Play Billing files and sample code
           Install path: extras/google/play_billing
----------
id: 119 or "extra-google-play_licensing"
     Type: Extra
     Desc: Google Play Licensing Library, revision 2
           By Google Inc.
           Google Play Licensing client library
           Install path: extras/google/play_licensing
----------
id: 120 or "extra-google-simulators"
     Type: Extra
     Desc: Android Auto API Simulators, revision 1
           By Google Inc.
           Android Auto API testing simulators
           Install path: extras/google/simulators
----------
id: 121 or "extra-google-webdriver"
     Type: Extra
     Desc: Google Web Driver, revision 2
           By Google Inc.
           WebDriver
           Install path: extras/google/webdriver

[0m[1;30m# Run '/opt/android-sdk/tools/android list sdk -u -e'[0m
[0m[1;30m# Cwd /home/timur/.buildozer/android/platform[0m
Refresh Sources:
  Fetching https://dl-ssl.google.com/android/repository/addons_list-2.xml
  Validate XML
  Parse XML
  Fetched Add-ons List successfully
  Refresh Sources
  Fetching URL: https://dl-ssl.google.com/android/repository/repository-10.xml
  Validate XML: https://dl-ssl.google.com/android/repository/repository-10.xml
  Parse XML:    https://dl-ssl.google.com/android/repository/repository-10.xml
  Fetching URL: https://dl-ssl.google.com/android/repository/addon.xml
  Validate XML: https://dl-ssl.google.com/android/repository/addon.xml
  Parse XML:    https://dl-ssl.google.com/android/repository/addon.xml
  Fetching URL: https://dl-ssl.google.com/android/repository/addon-6.xml
  Validate XML: https://dl-ssl.google.com/android/repository/addon-6.xml
  Parse XML:    https://dl-ssl.google.com/android/repository/addon-6.xml
  Fetching URL: https://dl-ssl.google.com/glass/gdk/addon.xml
  Validate XML: https://dl-ssl.google.com/glass/gdk/addon.xml
  Parse XML:    https://dl-ssl.google.com/glass/gdk/addon.xml
  Fetching URL: https://dl-ssl.google.com/android/repository/extras/intel/addon.xml
  Validate XML: https://dl-ssl.google.com/android/repository/extras/intel/addon.xml
  Parse XML:    https://dl-ssl.google.com/android/repository/extras/intel/addon.xml
  Fetching URL: https://dl-ssl.google.com/android/repository/sys-img/android/sys-img.xml
  Validate XML: https://dl-ssl.google.com/android/repository/sys-img/android/sys-img.xml
  Parse XML:    https://dl-ssl.google.com/android/repository/sys-img/android/sys-img.xml
  Fetching URL: https://dl-ssl.google.com/android/repository/sys-img/android-wear/sys-img.xml
  Validate XML: https://dl-ssl.google.com/android/repository/sys-img/android-wear/sys-img.xml
  Parse XML:    https://dl-ssl.google.com/android/repository/sys-img/android-wear/sys-img.xml
  Fetching URL: https://dl-ssl.google.com/android/repository/sys-img/android-tv/sys-img.xml
  Validate XML: https://dl-ssl.google.com/android/repository/sys-img/android-tv/sys-img.xml
  Parse XML:    https://dl-ssl.google.com/android/repository/sys-img/android-tv/sys-img.xml
  Fetching URL: https://dl-ssl.google.com/android/repository/sys-img/google_apis/sys-img.xml
  Validate XML: https://dl-ssl.google.com/android/repository/sys-img/google_apis/sys-img.xml
  Parse XML:    https://dl-ssl.google.com/android/repository/sys-img/google_apis/sys-img.xml
  Fetching URL: https://dl-ssl.google.com/android/repository/sys-img/x86/addon-x86.xml
  Validate XML: https://dl-ssl.google.com/android/repository/sys-img/x86/addon-x86.xml
  Parse XML:    https://dl-ssl.google.com/android/repository/sys-img/x86/addon-x86.xml
Packages available for installation or update: 26
----------
id: 1 or "doc-21"
     Type: Doc
     Desc: Documentation for Android SDK, API 21, revision 1
----------
id: 2 or "android-20"
     Type: Platform
     Desc: Android SDK Platform 4.4W.2
           Revision 2
----------
id: 3 or "android-19"
     Type: Platform
     Desc: Android SDK Platform 4.4.2
           Revision 4
----------
id: 4 or "android-16"
     Type: Platform
     Desc: Android SDK Platform 4.1.2
           Revision 5
----------
id: 5 or "android-14"
     Type: Platform
     Desc: Android SDK Platform 4.0
           Revision 4
----------
id: 6 or "sample-20"
     Type: Sample
     Desc: Samples for SDK API 20, revision 3
----------
id: 7 or "sample-19"
     Type: Sample
     Desc: Samples for SDK API 19, revision 6
----------
id: 8 or "sys-img-armeabi-v7a-android-wear-20"
     Type: SystemImage
     Desc: Android SDK Platform 4.4W
           Revision 3
           Requires SDK Platform Android API 20
----------
id: 9 or "sys-img-x86-android-wear-20"
     Type: SystemImage
     Desc: Android SDK Platform 4.4W
           Revision 3
           Requires SDK Platform Android API 20
----------
id: 10 or "addon-google_apis-google-21"
     Type: Addon
     Desc: Google APIs, Android API 21, revision 1
           By Google Inc.
           Android + Google APIs
           Requires SDK Platform Android API 21
----------
id: 11 or "addon-google_apis_x86-google-19"
     Type: Addon
     Desc: Google APIs (x86 System Image), Android API 19, revision 9
           By Google Inc.
           Android x86 + Google APIs
           Requires SDK Platform Android API 19
----------
id: 12 or "addon-google_apis-google-19"
     Type: Addon
     Desc: Google APIs (ARM System Image), Android API 19, revision 9
           By Google Inc.
           Android + Google APIs
           Requires SDK Platform Android API 19
----------
id: 13 or "addon-google_gdk-google-19"
     Type: Addon
     Desc: Glass Development Kit Preview, Android API 19, revision 11
           By Google Inc.
           Preview of the Glass Development Kit
           Requires SDK Platform Android API 19
----------
id: 14 or "sys-img-armeabi-v7a-addon-google_apis-google-21"
     Type: SystemImage
     Desc: System Image armeabi-v7a with Google APIs.
           Revision 2
           Requires SDK Platform Android API 21
----------
id: 15 or "sys-img-x86_64-addon-google_apis-google-21"
     Type: SystemImage
     Desc: System Image x86_64 with Google APIs.
           Revision 2
           Requires SDK Platform Android API 21
----------
id: 16 or "sys-img-x86-addon-google_apis-google-21"
     Type: SystemImage
     Desc: System Image x86 with Google APIs.
           Revision 2
           Requires SDK Platform Android API 21
----------
id: 17 or "extra-android-m2repository"
     Type: Extra
     Desc: Android Support Repository, revision 9
           By Android
           Local Maven repository for Support Libraries
           Install path: extras/android/m2repository
----------
id: 18 or "extra-android-support"
     Type: Extra
     Desc: Android Support Library, revision 21.0.2
           By Android
           Install path: extras/android/support
----------
id: 19 or "extra-google-google_play_services_froyo"
     Type: Extra
     Desc: Google Play services for Froyo, revision 12
           By Google Inc.
           Google Play services client library and sample code
           Install path: extras/google/google_play_services_froyo
----------
id: 20 or "extra-google-google_play_services"
     Type: Extra
     Desc: Google Play services, revision 21
           By Google Inc.
           Google Play services client library and sample code
           Install path: extras/google/google_play_services
----------
id: 21 or "extra-google-m2repository"
     Type: Extra
     Desc: Google Repository, revision 13
           By Google Inc.
           Local Maven repository for Google Libraries
           Install path: extras/google/m2repository
----------
id: 22 or "extra-google-play_apk_expansion"
     Type: Extra
     Desc: Google Play APK Expansion Library, revision 3
           By Google Inc.
           Google Play APK Expansion library
           Install path: extras/google/play_apk_expansion
----------
id: 23 or "extra-google-play_billing"
     Type: Extra
     Desc: Google Play Billing Library, revision 5
           By Google Inc.
           Google Play Billing files and sample code
           Install path: extras/google/play_billing
----------
id: 24 or "extra-google-play_licensing"
     Type: Extra
     Desc: Google Play Licensing Library, revision 2
           By Google Inc.
           Google Play Licensing client library
           Install path: extras/google/play_licensing
----------
id: 25 or "extra-google-simulators"
     Type: Extra
     Desc: Android Auto API Simulators, revision 1
           By Google Inc.
           Android Auto API testing simulators
           Install path: extras/google/simulators
----------
id: 26 or "extra-google-webdriver"
     Type: Extra
     Desc: Google Web Driver, revision 2
           By Google Inc.
           WebDriver
           Install path: extras/google/webdriver
Refresh Sources:
  Fetching https://dl-ssl.google.com/android/repository/addons_list-2.xml
  Validate XML
  Parse XML
  Fetched Add-ons List successfully
  Refresh Sources
  Fetching URL: https://dl-ssl.google.com/android/repository/repository-10.xml
  Validate XML: https://dl-ssl.google.com/android/repository/repository-10.xml
  Parse XML:    https://dl-ssl.google.com/android/repository/repository-10.xml
  Fetching URL: https://dl-ssl.google.com/android/repository/addon.xml
  Validate XML: https://dl-ssl.google.com/android/repository/addon.xml
  Parse XML:    https://dl-ssl.google.com/android/repository/addon.xml
  Fetching URL: https://dl-ssl.google.com/android/repository/addon-6.xml
  Validate XML: https://dl-ssl.google.com/android/repository/addon-6.xml
  Parse XML:    https://dl-ssl.google.com/android/repository/addon-6.xml
  Fetching URL: https://dl-ssl.google.com/glass/gdk/addon.xml
  Validate XML: https://dl-ssl.google.com/glass/gdk/addon.xml
  Parse XML:    https://dl-ssl.google.com/glass/gdk/addon.xml
  Fetching URL: https://dl-ssl.google.com/android/repository/extras/intel/addon.xml
  Validate XML: https://dl-ssl.google.com/android/repository/extras/intel/addon.xml
  Parse XML:    https://dl-ssl.google.com/android/repository/extras/intel/addon.xml
  Fetching URL: https://dl-ssl.google.com/android/repository/sys-img/android/sys-img.xml
  Validate XML: https://dl-ssl.google.com/android/repository/sys-img/android/sys-img.xml
  Parse XML:    https://dl-ssl.google.com/android/repository/sys-img/android/sys-img.xml
  Fetching URL: https://dl-ssl.google.com/android/repository/sys-img/android-wear/sys-img.xml
  Validate XML: https://dl-ssl.google.com/android/repository/sys-img/android-wear/sys-img.xml
  Parse XML:    https://dl-ssl.google.com/android/repository/sys-img/android-wear/sys-img.xml
  Fetching URL: https://dl-ssl.google.com/android/repository/sys-img/android-tv/sys-img.xml
  Validate XML: https://dl-ssl.google.com/android/repository/sys-img/android-tv/sys-img.xml
  Parse XML:    https://dl-ssl.google.com/android/repository/sys-img/android-tv/sys-img.xml
  Fetching URL: https://dl-ssl.google.com/android/repository/sys-img/google_apis/sys-img.xml
  Validate XML: https://dl-ssl.google.com/android/repository/sys-img/google_apis/sys-img.xml
  Parse XML:    https://dl-ssl.google.com/android/repository/sys-img/google_apis/sys-img.xml
  Fetching URL: https://dl-ssl.google.com/android/repository/sys-img/x86/addon-x86.xml
  Validate XML: https://dl-ssl.google.com/android/repository/sys-img/x86/addon-x86.xml
  Parse XML:    https://dl-ssl.google.com/android/repository/sys-img/x86/addon-x86.xml
Packages available for installation or update: 26
----------
id: 1 or "doc-21"
     Type: Doc
     Desc: Documentation for Android SDK, API 21, revision 1
----------
id: 2 or "android-20"
     Type: Platform
     Desc: Android SDK Platform 4.4W.2
           Revision 2
----------
id: 3 or "android-19"
     Type: Platform
     Desc: Android SDK Platform 4.4.2
           Revision 4
----------
id: 4 or "android-16"
     Type: Platform
     Desc: Android SDK Platform 4.1.2
           Revision 5
----------
id: 5 or "android-14"
     Type: Platform
     Desc: Android SDK Platform 4.0
           Revision 4
----------
id: 6 or "sample-20"
     Type: Sample
     Desc: Samples for SDK API 20, revision 3
----------
id: 7 or "sample-19"
     Type: Sample
     Desc: Samples for SDK API 19, revision 6
----------
id: 8 or "sys-img-armeabi-v7a-android-wear-20"
     Type: SystemImage
     Desc: Android SDK Platform 4.4W
           Revision 3
           Requires SDK Platform Android API 20
----------
id: 9 or "sys-img-x86-android-wear-20"
     Type: SystemImage
     Desc: Android SDK Platform 4.4W
           Revision 3
           Requires SDK Platform Android API 20
----------
id: 10 or "addon-google_apis-google-21"
     Type: Addon
     Desc: Google APIs, Android API 21, revision 1
           By Google Inc.
           Android + Google APIs
           Requires SDK Platform Android API 21
----------
id: 11 or "addon-google_apis_x86-google-19"
     Type: Addon
     Desc: Google APIs (x86 System Image), Android API 19, revision 9
           By Google Inc.
           Android x86 + Google APIs
           Requires SDK Platform Android API 19
----------
id: 12 or "addon-google_apis-google-19"
     Type: Addon
     Desc: Google APIs (ARM System Image), Android API 19, revision 9
           By Google Inc.
           Android + Google APIs
           Requires SDK Platform Android API 19
----------
id: 13 or "addon-google_gdk-google-19"
     Type: Addon
     Desc: Glass Development Kit Preview, Android API 19, revision 11
           By Google Inc.
           Preview of the Glass Development Kit
           Requires SDK Platform Android API 19
----------
id: 14 or "sys-img-armeabi-v7a-addon-google_apis-google-21"
     Type: SystemImage
     Desc: System Image armeabi-v7a with Google APIs.
           Revision 2
           Requires SDK Platform Android API 21
----------
id: 15 or "sys-img-x86_64-addon-google_apis-google-21"
     Type: SystemImage
     Desc: System Image x86_64 with Google APIs.
           Revision 2
           Requires SDK Platform Android API 21
----------
id: 16 or "sys-img-x86-addon-google_apis-google-21"
     Type: SystemImage
     Desc: System Image x86 with Google APIs.
           Revision 2
           Requires SDK Platform Android API 21
----------
id: 17 or "extra-android-m2repository"
     Type: Extra
     Desc: Android Support Repository, revision 9
           By Android
           Local Maven repository for Support Libraries
           Install path: extras/android/m2repository
----------
id: 18 or "extra-android-support"
     Type: Extra
     Desc: Android Support Library, revision 21.0.2
           By Android
           Install path: extras/android/support
----------
id: 19 or "extra-google-google_play_services_froyo"
     Type: Extra
     Desc: Google Play services for Froyo, revision 12
           By Google Inc.
           Google Play services client library and sample code
           Install path: extras/google/google_play_services_froyo
----------
id: 20 or "extra-google-google_play_services"
     Type: Extra
     Desc: Google Play services, revision 21
           By Google Inc.
           Google Play services client library and sample code
           Install path: extras/google/google_play_services
----------
id: 21 or "extra-google-m2repository"
     Type: Extra
     Desc: Google Repository, revision 13
           By Google Inc.
           Local Maven repository for Google Libraries
           Install path: extras/google/m2repository
----------
id: 22 or "extra-google-play_apk_expansion"
     Type: Extra
     Desc: Google Play APK Expansion Library, revision 3
           By Google Inc.
           Google Play APK Expansion library
           Install path: extras/google/play_apk_expansion
----------
id: 23 or "extra-google-play_billing"
     Type: Extra
     Desc: Google Play Billing Library, revision 5
           By Google Inc.
           Google Play Billing files and sample code
           Install path: extras/google/play_billing
----------
id: 24 or "extra-google-play_licensing"
     Type: Extra
     Desc: Google Play Licensing Library, revision 2
           By Google Inc.
           Google Play Licensing client library
           Install path: extras/google/play_licensing
----------
id: 25 or "extra-google-simulators"
     Type: Extra
     Desc: Android Auto API Simulators, revision 1
           By Google Inc.
           Android Auto API testing simulators
           Install path: extras/google/simulators
----------
id: 26 or "extra-google-webdriver"
     Type: Extra
     Desc: Google Web Driver, revision 2
           By Google Inc.
           WebDriver
           Install path: extras/google/webdriver

[0m[1;34m# Android packages installation done.[0m
[0m[1;34m# Check application requirements[0m
[0m[1;30m# Run './distribute.sh -l'[0m
[0m[1;30m# Cwd /home/timur/Documents/Classes/Degree/Semester_2/Software_Development_Practices/Assignments/procrastinate-later/.buildozer/android/platform/python-for-android[0m
Available modules: android apsw audiostream c_igraph cprotobuf cymunk django docutils ffmpeg gevent greenlet hostpython igraph jpeg kivent kivy libevent libpq libswift libxml2 libxslt lxml m2crypto msgpack mysql_connector netifaces numpy openssl paramiko pil plyer png polygon protobuf psutil psycopg2 pyasn1 pycrypto pygame pyjnius pylibpd pyopenssl pyparsing pyqrcode python sdl setuptools sqlalchemy sqlite3 storm swift twisted txws wokkel zope
[0m[1;30m# Remove directory and subdirectory /home/timur/Documents/Classes/Degree/Semester_2/Software_Development_Practices/Assignments/procrastinate-later/.buildozer/applibs[0m
[0m[1;30m# Create directory /home/timur/Documents/Classes/Degree/Semester_2/Software_Development_Practices/Assignments/procrastinate-later/.buildozer/applibs[0m
[0m[1;30m# Run 'bash -c "source venv/bin/activate && env"'[0m
[0m[1;30m# Cwd /home/timur/Documents/Classes/Degree/Semester_2/Software_Development_Practices/Assignments/procrastinate-later/.buildozer[0m
LC_PAPER=C
XDG_VTNR=1
SSH_AGENT_PID=4435
XDG_SESSION_ID=c2
LC_MONETARY=C
GPG_AGENT_INFO=/run/user/1000/keyring/gpg:0:1
ANDROID_HOME=/opt/android-sdk
TERM=xterm
SHELL=/bin/bash
ANDROID_SWT=/usr/share/java
VTE_VERSION=3802
XDG_MENU_PREFIX=gnome-
PT5HOME=/opt/packettracer
GRADLE_HOME=/usr/share/java/gradle
LC_NUMERIC=C
cld=/home/timur/Documents/Classes/Degree/Semester_2
WINDOWID=35651590
ANT_HOME=/usr/share/apache-ant
USER=timur
LS_COLORS=no=00:fi=00:di=01;34:ln=01;36:pi=40;33:so=01;35:bd=40;33;01:cd=40;33;01:ex=01;32:*.cmd=01;32:*.exe=01;32:*.com=01;32:*.btm=01;32:*.bat=01;32:*.sh=01;32:*.py=01;32:*.tar=01;31:*.tgz=01;31:*.arj=01;31:*.taz=01;31:*.lzh=01;31:*.zip=01;31:*.z=01;31:*.Z=01;31:*.gz=01;31:*.jpg=01;35:*.gif=01;35:*.png=01;35:*.bmp=01;35:*.xbm=01;35:*.xpm=01;35:*.tif=01;35:*.mp3=01;36:*.mp4=01;36:*.ogg=01;36:*.mpg=01;36:*.xz=04;32:*.rpm=04;32:*.deb=04;32:*.conf=04;31:*.lua=04;31:*.config=04;31:*.cfg=04;31:
SSH_AUTH_SOCK=/run/user/1000/keyring/ssh
SESSION_MANAGER=local/ECHO:@/tmp/.ICE-unix/4419,unix/ECHO:/tmp/.ICE-unix/4419
USERNAME=timur
PRIMUS_UPLOAD=1
VIRTUAL_ENV=/home/timur/Documents/Classes/Degree/Semester_2/Software_Development_Practices/Assignments/procrastinate-later/.buildozer/venv
MOZ_PLUGIN_PATH=/usr/lib/mozilla/plugins
PATH=/home/timur/Documents/Classes/Degree/Semester_2/Software_Development_Practices/Assignments/procrastinate-later/.buildozer/venv/bin:/home/timur/.buildozer/android/platform/apache-ant-1.8.4/bin:/home/timur/.local/share/bin:/home/timur/.local/share/bin:/usr/local/sbin:/usr/local/bin:/usr/bin:/opt/android-ndk:/opt/android-sdk/platform-tools:/opt/android-sdk/tools:/usr/share/java/gradle/bin:/usr/lib/jvm/default/bin:/usr/bin/site_perl:/usr/bin/vendor_perl:/usr/bin/core_perl
DESKTOP_SESSION=gnome
MAIL=/var/spool/mail/timur
ANDROIDAPI=3
PWD=/home/timur/Documents/Classes/Degree/Semester_2/Software_Development_Practices/Assignments/procrastinate-later/.buildozer
EDITOR=vim
LANG=en_US.utf8
GDM_LANG=en_US.utf8
LC_MEASUREMENT=C
ANDROIDNDK=/opt/android-ndk
PS1=(venv)
CLUTTER_PAINT=disable-clipped-redraws:disable-culling
GDMSESSION=gnome
SSH_ASKPASS=/usr/lib/seahorse/seahorse-ssh-askpass
PACKAGES_PATH=/home/timur/.buildozer/android/packages
HOME=/home/timur
SHLVL=3
XDG_SEAT=seat0
GNOME_DESKTOP_SESSION_ID=this-is-deprecated
pgd=/home/timur/Documents/Programming
LOGNAME=timur
ANDROIDSDK=/opt/android-sdk
XDG_SESSION_DESKTOP=gnome
WINEDEBUG=-all
DBUS_SESSION_BUS_ADDRESS=unix:abstract=/tmp/dbus-RxrSquTF4d,guid=3db1da71ef68ce322145523b547c55ab
WINDOWPATH=1
ANDROID_NDK=/opt/android-ndk
ANDROIDNDKVER=r9c
DISPLAY=:0
XDG_RUNTIME_DIR=/run/user/1000
XDG_CURRENT_DESKTOP=GNOME
LC_TIME=C
XAUTHORITY=/var/run/gdm/auth-for-timur-cBxjPN/database
_=/usr/bin/env
[0m[1;30m# Install distribute[0m
[0m[1;30m# Run 'curl http://python-distribute.org/distribute_setup.py | venv/bin/python'[0m
[0m[1;30m# Cwd /home/timur/Documents/Classes/Degree/Semester_2/Software_Development_Practices/Assignments/procrastinate-later/.buildozer[0m
[0m[1;30m# Install requirement PyDrive in virtualenv[0m
[0m[1;30m# Run 'pip install --download-cache=/home/timur/.buildozer/cache --target=/home/timur/Documents/Classes/Degree/Semester_2/Software_Development_Practices/Assignments/procrastinate-later/.buildozer/applibs PyDrive'[0m
[0m[1;30m# Cwd /home/timur/Documents/Classes/Degree/Semester_2/Software_Development_Practices/Assignments/procrastinate-later/.buildozer[0m
[0m[1;31m# Command failed: pip install --download-cache=/home/timur/.buildozer/cache --target=/home/timur/Documents/Classes/Degree/Semester_2/Software_Development_Practices/Assignments/procrastinate-later/.buildozer/applibs PyDrive[0m
